#
# A fatal error has been detected by the Java Runtime Environment:
#
#  EXCEPTION_ACCESS_VIOLATION (0xc0000005) at pc=0x00000000775d08c5, pid=5808, tid=5328
#
# JRE version: 6.0_17-b04
# Java VM: Java HotSpot(TM) 64-Bit Server VM (14.3-b01 mixed mode windows-amd64 )
# Problematic frame:
# C  [ntdll.dll+0x508c5]
#
# If you would like to submit a bug report, please visit:
#   http://java.sun.com/webapps/bugreport/crash.jsp
#

---------------  T H R E A D  ---------------

Current thread (0x0000000041762000):  JavaThread "AWT-EventQueue-0" [_thread_in_Java, id=5328, stack(0x000000000fa60000,0x000000000fae0000)]

siginfo: ExceptionCode=0xc0000005, reading address 0xffffffffffffffff

Registers:
EAX=0x000000000fadd068, EBX=0x0000000000000002, ECX=0x000000000fadd138, EDX=0x000000000fadd0a8
ESP=0x000000000fadd058, EBP=0x000007feeaa317d0, ESI=0x0000000000000020, EDI=0x0000000000000000
EIP=0x00000000775d08c5, EFLAGS=0x0000000000010202

Top of Stack: (sp=0x000000000fadd058)
0x000000000fadd058:   0000000000000202 000000007758b219
0x000000000fadd068:   000007ffffe50000 0000000000000000
0x000000000fadd078:   000000000fadd260 000000000fadd290
0x000000000fadd088:   0000000041762000 0000000100000001
0x000000000fadd098:   00000000435d3460 0000000041e79ec0
0x000000000fadd0a8:   000000000fae0000 000000000fac1000
0x000000000fadd0b8:   00000000193e2590 0000000000000000
0x000000000fadd0c8:   000000001c9f3a40 000000000fadd8b0
0x000000000fadd0d8:   000000000fadd880 0000000019056f7a
0x000000000fadd0e8:   0000000019056f10 0000000000000000
0x000000000fadd0f8:   0000000000000000 000000000fadd880
0x000000000fadd108:   000000000fadd8e0 0000000019025969
0x000000000fadd118:   0000000019024e90 0000000000000000
0x000000000fadd128:   000000000fadd938 000000000fadd8e0
0x000000000fadd138:   000000000fadd8e0 0000000019025969
0x000000000fadd148:   0000000019024e90 0000000000000000 

Instructions: (pc=0x00000000775d08c5)
0x00000000775d08b5:   00 00 4c 89 b1 e8 00 00 00 4c 89 b9 f0 00 00 00
0x00000000775d08c5:   0f ae 81 00 01 00 00 0f 29 81 a0 01 00 00 0f 29 


Stack: [0x000000000fa60000,0x000000000fae0000],  sp=0x000000000fadd058,  free space=500k
Native frames: (J=compiled Java code, j=interpreted, Vv=VM code, C=native code)
C  [ntdll.dll+0x508c5]

Java frames: (J=compiled Java code, j=interpreted, Vv=VM code)
v  blob 0x0000000019057039
j  javax.swing.SwingUtilities.getRootPane(Ljava/awt/Component;)Ljavax/swing/JRootPane;+18
j  javax.swing.plaf.basic.BasicOptionPaneUI$2.hierarchyChanged(Ljava/awt/event/HierarchyEvent;)V+20
j  java.awt.Component.processHierarchyEvent(Ljava/awt/event/HierarchyEvent;)V+34
j  java.awt.Component.processEvent(Ljava/awt/AWTEvent;)V+205
j  java.awt.Container.processEvent(Ljava/awt/AWTEvent;)V+18
j  java.awt.Component.dispatchEventImpl(Ljava/awt/AWTEvent;)V+566
j  java.awt.Container.dispatchEventImpl(Ljava/awt/AWTEvent;)V+42
J  java.awt.Container.createHierarchyEvents(ILjava/awt/Component;Ljava/awt/Container;JZ)I
J  java.awt.Container.createHierarchyEvents(ILjava/awt/Component;Ljava/awt/Container;JZ)I
j  java.awt.Container.addImpl(Ljava/awt/Component;Ljava/lang/Object;I)V+314
j  java.awt.Container.add(Ljava/awt/Component;)Ljava/awt/Component;+4
j  javax.swing.plaf.basic.BasicOptionPaneUI.installComponents()V+38
j  javax.swing.plaf.basic.BasicOptionPaneUI.installUI(Ljavax/swing/JComponent;)V+24
j  javax.swing.JComponent.setUI(Ljavax/swing/plaf/ComponentUI;)V+135
j  javax.swing.JOptionPane.setUI(Ljavax/swing/plaf/OptionPaneUI;)V+13
j  javax.swing.JOptionPane.updateUI()V+8
j  com.mathworks.mwswing.MJOptionPane.updateUI()V+4
j  javax.swing.JOptionPane.<init>(Ljava/lang/Object;IILjavax/swing/Icon;[Ljava/lang/Object;Ljava/lang/Object;)V+52
j  com.mathworks.mwswing.MJOptionPane.<init>(Ljava/lang/Object;IILjavax/swing/Icon;[Ljava/lang/Object;Ljava/lang/Object;)V+10
j  com.mathworks.mwswing.MJOptionPane.showOptionDialog(Ljava/awt/Component;Ljava/lang/Object;Ljava/lang/String;IILjavax/swing/Icon;[Ljava/lang/Object;Ljava/lang/Object;)I+115
j  com.mathworks.mwswing.MJOptionPane.showConfirmDialog(Ljava/awt/Component;Ljava/lang/Object;Ljava/lang/String;IILjavax/swing/Icon;)I+10
j  com.mathworks.mwswing.MJOptionPane.showConfirmDialog(Ljava/awt/Component;Ljava/lang/Object;Ljava/lang/String;II)I+7
j  com.mathworks.widgets.Dialogs.showOptionalConfirmDialog(Ljava/awt/Component;Ljava/lang/Object;Ljava/lang/String;IILjava/lang/String;IZ)I+35
j  com.mathworks.widgets.recordlist.RecordlistModelEvent.showConfirmationDialog(Ljava/lang/String;Ljava/awt/Component;Ljava/lang/String;Ljava/lang/String;I)Z+38
j  com.mathworks.widgets.recordlist.ObserverAdapter.deletionStarted([I)I+79
j  com.mathworks.widgets.recordlist.RecordlistTableModel$DualDeletionObserver.deletionStarted([I)I+38
j  com.mathworks.mlwidgets.workspace.MatlabWorkspaceModel.deleteRecords([ILcom/mathworks/widgets/recordlist/IDeletionObserver;)V+2
j  com.mathworks.widgets.recordlist.RecordlistTableModel.deleteRecords([I)V+23
j  com.mathworks.widgets.recordlist.RecordlistTable.deleteRecords([I)V+5
j  com.mathworks.widgets.recordlist.RecordlistTable.deleteSelection()V+9
j  com.mathworks.widgets.recordlist.RecordlistTable.access$4200(Lcom/mathworks/widgets/recordlist/RecordlistTable;)V+1
j  com.mathworks.widgets.recordlist.RecordlistTable$ActionHelper.deleteSelection()V+4
j  com.mathworks.widgets.recordlist.ActionUtils$DeletionAction.actionPerformed(Ljava/awt/event/ActionEvent;)V+4
j  javax.swing.SwingUtilities.notifyAction(Ljavax/swing/Action;Ljavax/swing/KeyStroke;Ljava/awt/event/KeyEvent;Ljava/lang/Object;I)Z+132
j  javax.swing.JComponent.processKeyBinding(Ljavax/swing/KeyStroke;Ljava/awt/event/KeyEvent;IZ)Z+72
j  javax.swing.JTable.processKeyBinding(Ljavax/swing/KeyStroke;Ljava/awt/event/KeyEvent;IZ)Z+6
j  com.mathworks.mwswing.MJTable.processKeyBinding(Ljavax/swing/KeyStroke;Ljava/awt/event/KeyEvent;IZ)Z+96
j  javax.swing.JComponent.processKeyBindings(Ljava/awt/event/KeyEvent;Z)Z+56
j  javax.swing.JComponent.processKeyEvent(Ljava/awt/event/KeyEvent;)V+51
j  java.awt.Component.processEvent(Ljava/awt/AWTEvent;)V+121
j  java.awt.Container.processEvent(Ljava/awt/AWTEvent;)V+18
j  java.awt.Component.dispatchEventImpl(Ljava/awt/AWTEvent;)V+566
j  java.awt.Container.dispatchEventImpl(Ljava/awt/AWTEvent;)V+42
j  java.awt.Component.dispatchEvent(Ljava/awt/AWTEvent;)V+2
j  java.awt.KeyboardFocusManager.redispatchEvent(Ljava/awt/Component;Ljava/awt/AWTEvent;)V+7
j  java.awt.DefaultKeyboardFocusManager.dispatchKeyEvent(Ljava/awt/event/KeyEvent;)Z+70
j  java.awt.DefaultKeyboardFocusManager.preDispatchKeyEvent(Ljava/awt/event/KeyEvent;)Z+140
j  java.awt.DefaultKeyboardFocusManager.typeAheadAssertions(Ljava/awt/Component;Ljava/awt/AWTEvent;)Z+175
j  java.awt.DefaultKeyboardFocusManager.dispatchEvent(Ljava/awt/AWTEvent;)Z+1524
j  java.awt.Component.dispatchEventImpl(Ljava/awt/AWTEvent;)V+131
j  java.awt.Container.dispatchEventImpl(Ljava/awt/AWTEvent;)V+42
j  java.awt.Window.dispatchEventImpl(Ljava/awt/AWTEvent;)V+19
J  java.awt.EventDispatchThread.pumpOneEventForFilters(I)Z
J  java.awt.EventDispatchThread.pumpEventsForFilter(ILjava/awt/Conditional;Ljava/awt/EventFilter;)V
j  java.awt.EventDispatchThread.pumpEventsForHierarchy(ILjava/awt/Conditional;Ljava/awt/Component;)V+11
j  java.awt.EventDispatchThread.pumpEvents(ILjava/awt/Conditional;)V+4
j  java.awt.EventDispatchThread.pumpEvents(Ljava/awt/Conditional;)V+3
j  java.awt.EventDispatchThread.run()V+9
v  ~StubRoutines::call_stub

---------------  P R O C E S S  ---------------

Java Threads: ( => current thread )
  0x0000000040d11000 JavaThread "pool-2-thread-1" [_thread_blocked, id=2172, stack(0x0000000008890000,0x0000000008910000)]
  0x0000000040d0e800 JavaThread "Image Fetcher 0" daemon [_thread_blocked, id=7096, stack(0x00000000085c0000,0x0000000008640000)]
  0x0000000040d12800 JavaThread "Code Analyzer updating thread" [_thread_blocked, id=3124, stack(0x00000000089a0000,0x0000000008a20000)]
  0x0000000040d07000 JavaThread "Timer-InstrumentReadWritePoll" [_thread_blocked, id=5592, stack(0x0000000008780000,0x0000000008800000)]
  0x0000000040d10800 JavaThread "Active Reference Queue Daemon" daemon [_thread_blocked, id=5784, stack(0x00000000071d0000,0x0000000007250000)]
  0x0000000040d12000 JavaThread "Timer-40" daemon [_thread_blocked, id=6628, stack(0x0000000008360000,0x00000000083e0000)]
  0x0000000040d10000 JavaThread "RequestQueue for GenericFileList" [_thread_blocked, id=6968, stack(0x0000000039d80000,0x0000000039e00000)]
  0x0000000040d0d000 JavaThread "Timer-5" daemon [_thread_blocked, id=6928, stack(0x0000000010fa0000,0x0000000011020000)]
  0x0000000040d0a800 JavaThread "Prefs Updater" daemon [_thread_blocked, id=6884, stack(0x000000003caa0000,0x000000003cb20000)]
  0x0000000040d0a000 JavaThread "Timer-1" [_thread_blocked, id=6876, stack(0x000000003b350000,0x000000003b3d0000)]
  0x0000000040d09800 JavaThread "FelixPackageAdmin" daemon [_thread_blocked, id=6816, stack(0x0000000004f30000,0x0000000004fb0000)]
  0x0000000040d08800 JavaThread "FelixStartLevel" daemon [_thread_blocked, id=6812, stack(0x0000000004fe0000,0x0000000005060000)]
  0x0000000040d08000 JavaThread "FelixDispatchQueue" daemon [_thread_blocked, id=6808, stack(0x0000000004ce0000,0x0000000004d60000)]
  0x00000000418c2000 JavaThread "SeedGenerator Thread" daemon [_thread_blocked, id=6328, stack(0x000000003c9d0000,0x000000003ca50000)]
  0x00000000418b8800 JavaThread "TimerQueue" daemon [_thread_blocked, id=6156, stack(0x000000000c2c0000,0x000000000c340000)]
=>0x0000000041762000 JavaThread "AWT-EventQueue-0" [_thread_in_Java, id=5328, stack(0x000000000fa60000,0x000000000fae0000)]
  0x0000000041668000 JavaThread "com.google.common.base.internal.Finalizer" daemon [_thread_blocked, id=5212, stack(0x0000000034530000,0x00000000345b0000)]
  0x000000004165d800 JavaThread "AWT-Windows" daemon [_thread_in_native, id=976, stack(0x0000000011020000,0x00000000110a0000)]
  0x000000004165a800 JavaThread "AWT-Shutdown" [_thread_blocked, id=5200, stack(0x0000000016550000,0x00000000165d0000)]
  0x00000000415b6000 JavaThread "Java2D Disposer" daemon [_thread_blocked, id=4556, stack(0x000000000eee0000,0x000000000ef60000)]
  0x0000000040efc000 JavaThread "Timer-0" [_thread_blocked, id=6048, stack(0x000000000fea0000,0x000000000ff20000)]
  0x0000000040fb9800 JavaThread "JMI Unnamed Thread" [_thread_in_native, id=5936, stack(0x0000000009550000,0x000000000aa50000)]
  0x000000000fccd800 JavaThread "Low Memory Detector" daemon [_thread_blocked, id=6040, stack(0x000000000fe00000,0x000000000fe80000)]
  0x000000000fcc7800 JavaThread "CompilerThread1" daemon [_thread_blocked, id=6036, stack(0x000000003e0d0000,0x000000003f5d0000)]
  0x000000000fcc0800 JavaThread "CompilerThread0" daemon [_thread_blocked, id=6032, stack(0x000000003cb30000,0x000000003e030000)]
  0x000000000fcbf800 JavaThread "Attach Listener" daemon [_thread_blocked, id=6028, stack(0x000000000fd40000,0x000000000fdc0000)]
  0x000000000fc65000 JavaThread "Finalizer" daemon [_thread_blocked, id=6024, stack(0x000000000f9c0000,0x000000000fa40000)]
  0x000000000fc5b000 JavaThread "Reference Handler" daemon [_thread_blocked, id=6020, stack(0x000000000d920000,0x000000000d9a0000)]
  0x0000000002833000 JavaThread "main" [_thread_in_native, id=5812, stack(0x0000000000220000,0x0000000001720000)]

Other Threads:
  0x000000000fc55800 VMThread [stack: 0x000000003b4c0000,0x000000003c9c0000] [id=6016]
  0x000000000fce2000 WatcherThread [stack: 0x000000003f770000,0x0000000040c70000] [id=6044]

VM state:not at safepoint (normal execution)

VM Mutex/Monitor currently owned by a thread: None

Heap
 PSYoungGen      total 22976K, used 21070K [0x000000002d320000, 0x0000000030020000, 0x0000000030420000)
  eden space 12672K, 85% used [0x000000002d320000,0x000000002dda4f80,0x000000002df80000)
  from space 10304K, 99% used [0x000000002dfc0000,0x000000002e9cec20,0x000000002e9d0000)
  to   space 16704K, 0% used [0x000000002efd0000,0x000000002efd0000,0x0000000030020000)
 PSOldGen        total 63232K, used 35238K [0x0000000024020000, 0x0000000027de0000, 0x000000002d320000)
  object space 63232K, 55% used [0x0000000024020000,0x0000000026289bd8,0x0000000027de0000)
 PSPermGen       total 84800K, used 58104K [0x000000001c020000, 0x00000000212f0000, 0x0000000024020000)
  object space 84800K, 68% used [0x000000001c020000,0x000000001f8de340,0x00000000212f0000)

Dynamic libraries:
0x000000013f2c0000 - 0x000000013f2e9000 	C:\Program Files\MATLAB\R2011a\bin\win64\MATLAB.exe
0x0000000077580000 - 0x0000000077729000 	C:\Windows\SYSTEM32\ntdll.dll
0x0000000077460000 - 0x000000007757f000 	C:\Windows\system32\kernel32.dll
0x000007fefd6f0000 - 0x000007fefd75c000 	C:\Windows\system32\KERNELBASE.dll
0x0000000074460000 - 0x0000000074569000 	C:\Program Files\MATLAB\R2011a\bin\win64\libut.dll
0x00000000758a0000 - 0x0000000075920000 	C:\Program Files\MATLAB\R2011a\bin\win64\libmwi18n.dll
0x0000000180000000 - 0x000000018000b000 	C:\Program Files\MATLAB\R2011a\bin\win64\libmwresource_core.dll
0x0000000072700000 - 0x00000000727d3000 	C:\Windows\WinSxS\amd64_microsoft.vc90.crt_1fc8b3b9a1e18e3b_9.0.30729.6161_none_08e61857a83bc251\MSVCP90.dll
0x0000000072650000 - 0x00000000726f3000 	C:\Windows\WinSxS\amd64_microsoft.vc90.crt_1fc8b3b9a1e18e3b_9.0.30729.6161_none_08e61857a83bc251\MSVCR90.dll
0x000000007a3b0000 - 0x000000007a3c0000 	C:\Program Files\MATLAB\R2011a\bin\win64\boost_date_time-vc90-mt-1_40.dll
0x000000007a170000 - 0x000000007a189000 	C:\Program Files\MATLAB\R2011a\bin\win64\boost_filesystem-vc90-mt-1_40.dll
0x000000007a560000 - 0x000000007a569000 	C:\Program Files\MATLAB\R2011a\bin\win64\boost_system-vc90-mt-1_40.dll
0x000000007a2d0000 - 0x000000007a2e2000 	C:\Program Files\MATLAB\R2011a\bin\win64\boost_thread-vc90-mt-1_40.dll
0x000000007a010000 - 0x000000007a035000 	C:\Program Files\MATLAB\R2011a\bin\win64\LIBEXPAT.dll
0x00000000739d0000 - 0x0000000073b8c000 	C:\Program Files\MATLAB\R2011a\bin\win64\icuin42.dll
0x00000000740b0000 - 0x0000000074223000 	C:\Program Files\MATLAB\R2011a\bin\win64\icuuc42.dll
0x000007fefdac0000 - 0x000007fefdb9b000 	C:\Windows\system32\ADVAPI32.dll
0x000007fefdcc0000 - 0x000007fefdd5f000 	C:\Windows\system32\msvcrt.dll
0x000007fefe450000 - 0x000007fefe46f000 	C:\Windows\SYSTEM32\sechost.dll
0x000007fefd990000 - 0x000007fefdabd000 	C:\Windows\system32\RPCRT4.dll
0x0000000010000000 - 0x0000000010f47000 	C:\Program Files\MATLAB\R2011a\bin\win64\icudt42.dll
0x0000000073f70000 - 0x000000007407d000 	C:\Program Files\MATLAB\R2011a\bin\win64\libmwfl.dll
0x0000000000180000 - 0x0000000000213000 	C:\Program Files\MATLAB\R2011a\bin\win64\libmwMATLAB_res.dll
0x000000007a250000 - 0x000000007a263000 	C:\Program Files\MATLAB\R2011a\bin\win64\boost_signals-vc90-mt-1_40.dll
0x0000000001740000 - 0x0000000001786000 	C:\Program Files\MATLAB\R2011a\bin\win64\tbb.dll
0x000007fefdd60000 - 0x000007fefdd79000 	C:\Windows\system32\imagehlp.dll
0x0000000077750000 - 0x0000000077757000 	C:\Windows\system32\PSAPI.DLL
0x000000007a3d0000 - 0x000000007a3e3000 	C:\Program Files\MATLAB\R2011a\bin\win64\icuio42.dll
0x000007feead20000 - 0x000007feeae45000 	C:\Windows\system32\dbghelp.dll
0x0000000077360000 - 0x000000007745a000 	C:\Windows\system32\USER32.dll
0x000007fefd770000 - 0x000007fefd7d7000 	C:\Windows\system32\GDI32.dll
0x000007fefdd80000 - 0x000007fefdd8e000 	C:\Windows\system32\LPK.dll
0x000007feff7c0000 - 0x000007feff889000 	C:\Windows\system32\USP10.dll
0x000000007bed0000 - 0x000000007c0f5000 	C:\Program Files\MATLAB\R2011a\bin\win64\libmwservices.dll
0x0000000075a20000 - 0x0000000075ab2000 	C:\Program Files\MATLAB\R2011a\bin\win64\libmx.dll
0x000000007a210000 - 0x000000007a226000 	C:\Program Files\MATLAB\R2011a\bin\win64\zlib1.dll
0x0000000074330000 - 0x000000007444b000 	C:\Program Files\MATLAB\R2011a\bin\win64\libmwmathutil.dll
0x00000000748a0000 - 0x00000000748f4000 	C:\Program Files\MATLAB\R2011a\bin\win64\mpath.dll
0x000000007b680000 - 0x000000007b982000 	C:\Program Files\MATLAB\R2011a\bin\win64\mlutil.dll
0x0000000074810000 - 0x0000000074892000 	C:\Program Files\MATLAB\R2011a\bin\win64\xmlcore.dll
0x000000007bc30000 - 0x000000007be83000 	C:\Program Files\MATLAB\R2011a\bin\win64\xerces-c_2_7.dll
0x000007fefe6b0000 - 0x000007fefe6fd000 	C:\Windows\system32\WS2_32.dll
0x000007fefdd90000 - 0x000007fefdd98000 	C:\Windows\system32\NSI.dll
0x000007fefe780000 - 0x000007feff508000 	C:\Windows\system32\SHELL32.dll
0x000007fefe700000 - 0x000007fefe771000 	C:\Windows\system32\SHLWAPI.dll
0x000007feeeb20000 - 0x000007feeebc0000 	C:\Windows\WinSxS\amd64_microsoft.windows.common-controls_6595b64144ccf1df_5.82.7601.18201_none_a4d3b9377117c3df\COMCTL32.dll
0x000007fefdba0000 - 0x000007fefdc37000 	C:\Windows\system32\COMDLG32.dll
0x000007fefa270000 - 0x000007fefa286000 	C:\Windows\system32\NETAPI32.dll
0x000007fefa260000 - 0x000007fefa26c000 	C:\Windows\system32\netutils.dll
0x000007fefcdc0000 - 0x000007fefcde3000 	C:\Windows\system32\srvcli.dll
0x000007fefa240000 - 0x000007fefa255000 	C:\Windows\system32\wkscli.dll
0x000007fefe160000 - 0x000007fefe363000 	C:\Windows\system32\ole32.dll
0x000007fefe370000 - 0x000007fefe447000 	C:\Windows\system32\OLEAUT32.dll
0x0000000074970000 - 0x0000000074a34000 	C:\Program Files\MATLAB\R2011a\bin\win64\mcr.dll
0x0000000075000000 - 0x00000000750e4000 	C:\Program Files\MATLAB\R2011a\bin\win64\iqm.dll
0x000000006e8f0000 - 0x000000006f08c000 	C:\Program Files\MATLAB\R2011a\bin\win64\m_interpreter.dll
0x0000000074800000 - 0x000000007480f000 	C:\Program Files\MATLAB\R2011a\bin\win64\libmex.dll
0x0000000074750000 - 0x00000000747f4000 	C:\Program Files\MATLAB\R2011a\bin\win64\m_dispatcher.dll
0x0000000001970000 - 0x0000000001a35000 	C:\Program Files\MATLAB\R2011a\bin\win64\boost_regex-vc90-mt-1_40.dll
0x00000000746d0000 - 0x000000007474f000 	C:\Program Files\MATLAB\R2011a\bin\win64\profiler.dll
0x0000000079f40000 - 0x0000000079f6c000 	C:\Program Files\MATLAB\R2011a\bin\win64\libmwmathrng.dll
0x00000000746b0000 - 0x00000000746d0000 	C:\Program Files\MATLAB\R2011a\bin\win64\m_pcodeio.dll
0x0000000079b10000 - 0x0000000079b71000 	C:\Program Files\MATLAB\R2011a\bin\win64\m_ir.dll
0x000000006b890000 - 0x000000006becb000 	C:\Program Files\MATLAB\R2011a\bin\win64\m_parser.dll
0x0000000074690000 - 0x00000000746a9000 	C:\Program Files\MATLAB\R2011a\bin\win64\ir_xfmr.dll
0x0000000001ab0000 - 0x0000000001cfb000 	C:\Program Files\MATLAB\R2011a\bin\win64\mcos.dll
0x0000000074680000 - 0x000000007468c000 	C:\Program Files\MATLAB\R2011a\bin\win64\mtok.dll
0x00000000745f0000 - 0x000000007461b000 	C:\Program Files\MATLAB\R2011a\bin\win64\m_pcodegen.dll
0x0000000076160000 - 0x00000000761c2000 	C:\Program Files\MATLAB\R2011a\bin\win64\libmwspmatrix.dll
0x0000000079fb0000 - 0x0000000079fde000 	C:\Program Files\MATLAB\R2011a\bin\win64\libmwbridge.dll
0x0000000001d50000 - 0x0000000001e09000 	C:\Program Files\MATLAB\R2011a\bin\win64\udd.dll
0x0000000001e20000 - 0x0000000001f61000 	C:\Program Files\MATLAB\R2011a\bin\win64\libmwgui.dll
0x0000000001f80000 - 0x0000000001f97000 	C:\Program Files\MATLAB\R2011a\bin\win64\graphics_util.dll
0x000000006ae20000 - 0x000000006b6a0000 	C:\Program Files\MATLAB\R2011a\bin\win64\hg.dll
0x0000000076100000 - 0x000000007614f000 	C:\Program Files\MATLAB\R2011a\bin\win64\libmat.dll
0x0000000072d30000 - 0x0000000072f33000 	C:\Program Files\MATLAB\R2011a\bin\win64\libhdf5.dll
0x000000006f4a0000 - 0x000000006f51b000 	C:\Program Files\MATLAB\R2011a\bin\win64\jmi.dll
0x0000000001ff0000 - 0x0000000001ffe000 	C:\Program Files\MATLAB\R2011a\bin\win64\nativejava_services.dll
0x000000006e890000 - 0x000000006e8cc000 	C:\Program Files\MATLAB\R2011a\bin\win64\libmwhardcopy.dll
0x000000006e830000 - 0x000000006e888000 	C:\Program Files\MATLAB\R2011a\bin\win64\libuij.dll
0x000000006ac30000 - 0x000000006ae13000 	C:\Program Files\MATLAB\R2011a\bin\win64\hgdatatypes.dll
0x000000006ab70000 - 0x000000006ac2c000 	C:\Program Files\MATLAB\R2011a\bin\win64\hgutils.dll
0x000000006c040000 - 0x000000006c0bc000 	C:\Program Files\MATLAB\R2011a\bin\win64\libmwlapack.dll
0x000000006c910000 - 0x000000006c922000 	C:\Program Files\MATLAB\R2011a\bin\win64\libmwbinder.dll
0x0000000002070000 - 0x000000000207b000 	C:\Program Files\MATLAB\R2011a\bin\win64\libmwompwrapper.dll
0x0000000002090000 - 0x0000000002354000 	C:\Program Files\MATLAB\R2011a\bin\win64\uiw.dll
0x00000000734d0000 - 0x00000000734da000 	C:\Program Files\MATLAB\R2011a\bin\win64\uinone.dll
0x000000006a680000 - 0x000000006ab64000 	C:\Windows\WinSxS\amd64_microsoft.vc90.mfc_1fc8b3b9a1e18e3b_9.0.30729.6161_none_044aad0bab1eb146\mfc90.dll
0x000007fef6450000 - 0x000007fef6457000 	C:\Windows\system32\MSIMG32.dll
0x000007fef8720000 - 0x000007fef8791000 	C:\Windows\system32\WINSPOOL.DRV
0x000000006a5d0000 - 0x000000006a679000 	C:\Program Files\MATLAB\R2011a\bin\win64\udd_mi.dll
0x000000006c8f0000 - 0x000000006c90b000 	C:\Program Files\MATLAB\R2011a\bin\win64\mwoles05.DLL
0x000000006bf20000 - 0x000000006bf8e000 	C:\Program Files\MATLAB\R2011a\bin\win64\comcli.dll
0x0000000073250000 - 0x000000007327f000 	C:\Windows\WinSxS\amd64_microsoft.vc90.atl_1fc8b3b9a1e18e3b_9.0.30729.6161_none_0a1fd3a3a768b895\ATL90.DLL
0x0000000070f80000 - 0x0000000070f8c000 	C:\Program Files\MATLAB\R2011a\bin\win64\mlautoregister.dll
0x00000000023c0000 - 0x00000000023cd000 	C:\Program Files\MATLAB\R2011a\bin\win64\boost_iostreams-vc90-mt-1_40.dll
0x000007fefd1b0000 - 0x000007fefd207000 	C:\Windows\system32\apphelp.dll
0x000007feea8b0000 - 0x000007feead17000 	C:\Windows\AppPatch\AppPatch64\AcXtrnal.DLL
0x000007fefe130000 - 0x000007fefe15e000 	C:\Windows\system32\IMM32.DLL
0x000007fefd880000 - 0x000007fefd989000 	C:\Windows\system32\MSCTF.dll
0x000007fefbb10000 - 0x000007fefbb66000 	C:\Windows\system32\UxTheme.dll
0x000007fefb510000 - 0x000007fefb528000 	C:\Windows\system32\dwmapi.dll
0x000000006c0e0000 - 0x000000006c0ed000 	C:\Windows\WinSxS\amd64_microsoft.vc90.mfcloc_1fc8b3b9a1e18e3b_9.0.30729.6161_none_01c9581e60cbee58\MFC90ENU.DLL
0x000007fefd3b0000 - 0x000007fefd3bf000 	C:\Windows\system32\profapi.dll
0x000007fefd250000 - 0x000007fefd25f000 	C:\Windows\system32\CRYPTBASE.dll
0x000007fefbcf0000 - 0x000007fefbee4000 	C:\Windows\WinSxS\amd64_microsoft.windows.common-controls_6595b64144ccf1df_6.0.7601.17514_none_fa396087175ac9ac\comctl32.dll
0x000007fefe4d0000 - 0x000007fefe6a7000 	C:\Windows\system32\SETUPAPI.dll
0x000007fefd650000 - 0x000007fefd686000 	C:\Windows\system32\CFGMGR32.dll
0x000007fefd630000 - 0x000007fefd64a000 	C:\Windows\system32\DEVOBJ.dll
0x000007fefd7e0000 - 0x000007fefd879000 	C:\Windows\system32\CLBCatQ.DLL
0x000007fefbb70000 - 0x000007fefbc9c000 	C:\Windows\system32\propsys.dll
0x000007fefc1e0000 - 0x000007fefc20d000 	C:\Windows\system32\ntmarta.dll
0x000007fefe470000 - 0x000007fefe4c2000 	C:\Windows\system32\WLDAP32.dll
0x0000000004470000 - 0x0000000004499000 	C:\Program Files\MATLAB\R2011a\bin\win64\tbbmalloc.dll
0x000000006c0d0000 - 0x000000006c0d3000 	C:\Windows\system32\icmp.Dll
0x000007fef99e0000 - 0x000007fef9a07000 	C:\Windows\system32\iphlpapi.DLL
0x000007fef99d0000 - 0x000007fef99db000 	C:\Windows\system32\WINNSI.DLL
0x000007fefd180000 - 0x000007fefd1a5000 	C:\Windows\system32\SspiCli.dll
0x000007fef9e10000 - 0x000007fef9e25000 	C:\Windows\system32\NLAapi.dll
0x000007feea890000 - 0x000007feea8a5000 	C:\Windows\system32\napinsp.dll
0x000007feea870000 - 0x000007feea889000 	C:\Windows\system32\pnrpnsp.dll
0x000007fefcb50000 - 0x000007fefcba5000 	C:\Windows\System32\mswsock.dll
0x000007fefc9d0000 - 0x000007fefca2b000 	C:\Windows\system32\DNSAPI.dll
0x000007feea860000 - 0x000007feea86b000 	C:\Windows\System32\winrnr.dll
0x0000000063560000 - 0x0000000063569000 	C:\Program Files\National Instruments\Shared\mDNS Responder\nimdnsNSP.dll
0x0000000063550000 - 0x000000006355e000 	C:\Windows\system32\nimdnsResponder.dll
0x000007fef9810000 - 0x000007fef9863000 	C:\Windows\System32\fwpuclnt.dll
0x000007fef8ae0000 - 0x000007fef8ae8000 	C:\Windows\system32\rasadhlp.dll

VM Arguments:
jvm_args: -Xss512k -XX:PermSize=32m -Xms64m -XX:NewRatio=3 -XX:MaxPermSize=128m -Xmx196m -XX:MaxDirectMemorySize=2147400000 -Dsun.java2d.noddraw=true -Dsun.awt.nopixfmt=true -Xshare:off -Xrs -Dsun.awt.disableMixing=true -Djava.library.path=C:\Program Files\MATLAB\R2011a\bin\win64 vfprintf abort 
java_command: <unknown>
Launcher Type: generic

Environment Variables:
PATH=C:\Program Files (x86)\National Instruments\Shared\ULx\;C:\Program Files (x86)\Measurement Computing\DAQ\;C:\Program Files (x86)\AMD APP\bin\x86_64;C:\Program Files (x86)\AMD APP\bin\x86;C:\Program Files\MiKTeX 2.9\miktex\bin\x64;C:\Windows\system32;C:\Windows;C:\Windows\System32\Wbem;C:\Windows\System32\WindowsPowerShell\v1.0\;C:\Program Files\MATLAB\R2011a\runtime\win64;C:\Program Files\MATLAB\R2011a\bin;C:\Program Files (x86)\ATI Technologies\ATI.ACE\Core-Static;C:\Program Files (x86)\Microsoft SQL Server\90\Tools\binn\;C:\Program Files (x86)\IVI Foundation\VISA\WinNT\Bin\;C:\Program Files\IVI Foundation\VISA\Win64\Bin\;C:\Program Files (x86)\IVI Foundation\VISA\WinNT\Bin;C:\Program Files (x86)\IVI Foundation\IVI\bin;C:\Program Files\IVI Foundation\IVI\bin;C:\Program Files (x86)\National Instruments\Shared\System\;C:\Program Files (x86)\National Instruments\Motion Assistant\bin\mxwplugins;C:\Program Files\Microsoft Windows Performance Toolkit\;C:\Program Files\SiliconSoftware\Runtime5.2.2\BIN
USERNAME=user
OS=Windows_NT
PROCESSOR_IDENTIFIER=Intel64 Family 6 Model 26 Stepping 5, GenuineIntel



---------------  S Y S T E M  ---------------

OS: Windows 7 Build 7601 Service Pack 1

CPU:total 8 (8 cores per cpu, 2 threads per core) family 6 model 26 stepping 5, cmov, cx8, fxsr, mmx, sse, sse2, sse3, ssse3, sse4.1, sse4.2, ht

Memory: 4k page, physical 25155672k(22255804k free), swap 50309480k(47086492k free)

vm_info: Java HotSpot(TM) 64-Bit Server VM (14.3-b01) for windows-amd64 JRE (1.6.0_17-b04), built on Oct 11 2009 00:46:08 by "java_re" with MS VC++ 8.0

time: Tue Jun 09 17:37:02 2015
elapsed time: 1473 seconds

