#
# A fatal error has been detected by the Java Runtime Environment:
#
#  EXCEPTION_ACCESS_VIOLATION (0xc0000005) at pc=0x00000000777b08c5, pid=2664, tid=6936
#
# JRE version: 6.0_17-b04
# Java VM: Java HotSpot(TM) 64-Bit Server VM (14.3-b01 mixed mode windows-amd64 )
# Problematic frame:
# C  [ntdll.dll+0x508c5]
#
# If you would like to submit a bug report, please visit:
#   http://java.sun.com/webapps/bugreport/crash.jsp
#

---------------  T H R E A D  ---------------

Current thread (0x0000000041624800):  JavaThread "AWT-EventQueue-0" [_thread_in_Java, id=6936, stack(0x0000000013b90000,0x0000000013c10000)]

siginfo: ExceptionCode=0xc0000005, reading address 0xffffffffffffffff

Registers:
EAX=0x0000000013c0dc28, EBX=0x0000000000000002, ECX=0x0000000013c0dcf8, EDX=0x0000000013c0dc68
ESP=0x0000000013c0dc18, EBP=0x000007fee6b4c760, ESI=0x0000000000000020, EDI=0x0000000000000000
EIP=0x00000000777b08c5, EFLAGS=0x0000000000010202

Top of Stack: (sp=0x0000000013c0dc18)
0x0000000013c0dc18:   0000000000000202 000000007776b219
0x0000000013c0dc28:   000007ffffe52000 0000000100000003
0x0000000013c0dc38:   0000000043856660 00000000438566b0
0x0000000013c0dc48:   0000000013c0e450 0000000019764be4
0x0000000013c0dc58:   0000000019764790 ffffffff00000000
0x0000000013c0dc68:   0000000013c10000 0000000013bf1000
0x0000000013c0dc78:   0000000013c0e420 00000000193d6f7a
0x0000000013c0dc88:   00000000193d6f10 0000000000000000
0x0000000013c0dc98:   0000000000000000 0000000013c0e420
0x0000000013c0dca8:   0000000013c0e4b0 00000000193a5969
0x0000000013c0dcb8:   00000000193a4e90 0000000000000000
0x0000000013c0dcc8:   0000000013c0e510 0000000013c0e4b0
0x0000000013c0dcd8:   0000000013c0e4b0 00000000193a5969
0x0000000013c0dce8:   00000000193a4e90 0000000000000000
0x0000000013c0dcf8:   0000000013c0e510 0000000013c0e4b0
0x0000000013c0dd08:   00003e003b656c67 0000000013c0e450 

Instructions: (pc=0x00000000777b08c5)
0x00000000777b08b5:   00 00 4c 89 b1 e8 00 00 00 4c 89 b9 f0 00 00 00
0x00000000777b08c5:   0f ae 81 00 01 00 00 0f 29 81 a0 01 00 00 0f 29 


Stack: [0x0000000013b90000,0x0000000013c10000],  sp=0x0000000013c0dc18,  free space=503k
Native frames: (J=compiled Java code, j=interpreted, Vv=VM code, C=native code)
C  [ntdll.dll+0x508c5]

Java frames: (J=compiled Java code, j=interpreted, Vv=VM code)
v  blob 0x00000000193d7039
j  com.sun.java.swing.plaf.windows.XPStyle$XPEmptyBorder.getBorderInsets(Ljava/awt/Component;Ljava/awt/Insets;)Ljava/awt/Insets;+140
j  com.sun.java.swing.plaf.windows.XPStyle$XPEmptyBorder.getBorderInsets(Ljava/awt/Component;)Ljava/awt/Insets;+6
j  javax.swing.JComponent.setBorder(Ljavax/swing/border/Border;)V+33
j  com.jidesoft.grid.PropertyPane$0.setBorder(Ljavax/swing/border/Border;)V+9
j  javax.swing.plaf.basic.BasicToolBarUI.setBorderToRollover(Ljava/awt/Component;)V+64
j  javax.swing.plaf.basic.BasicToolBarUI$Handler.componentAdded(Ljava/awt/event/ContainerEvent;)V+41
j  java.awt.Container.processContainerEvent(Ljava/awt/event/ContainerEvent;)V+42
j  java.awt.Container.processEvent(Ljava/awt/AWTEvent;)V+12
J  java.awt.Component.dispatchEventImpl(Ljava/awt/AWTEvent;)V
J  java.awt.Container.dispatchEventImpl(Ljava/awt/AWTEvent;)V
J  java.awt.Container.addImpl(Ljava/awt/Component;Ljava/lang/Object;I)V
j  javax.swing.JToolBar.addImpl(Ljava/awt/Component;Ljava/lang/Object;I)V+38
j  java.awt.Container.add(Ljava/awt/Component;)Ljava/awt/Component;+4
j  com.jidesoft.grid.PropertyPane.createToolBar()Ljavax/swing/JComponent;+120
j  com.jidesoft.grid.PropertyPane.<init>(Lcom/jidesoft/grid/PropertyTable;I)V+127
j  com.mathworks.mlwidgets.inspector.PropertyView.<init>(Lcom/mathworks/services/ObjectRegistry;Lcom/mathworks/mlwidgets/inspector/PropertyView$ToolBarStyle;)V+183
j  com.mathworks.mde.inspector.Inspector.<init>(Lcom/mathworks/mwswing/MJFrame;Lcom/mathworks/services/ObjectRegistry;)V+28
j  com.mathworks.mde.inspector.Inspector.createInspectorFcn()V+64
j  com.mathworks.mde.inspector.Inspector.access$100()V+0
j  com.mathworks.mde.inspector.Inspector$4.run()V+0
j  com.mathworks.mwswing.SynchronousInvokeUtility$SynchronousEventAdapter.executeOnSwingThread()V+11
j  com.mathworks.mwswing.SynchronousInvokeUtility$SynchronousEvent.run()V+1
j  com.mathworks.jmi.AWTUtilities$Invoker$5.runWithOutput()Ljava/lang/Object;+4
j  com.mathworks.jmi.AWTUtilities$Invoker$2.watchedRun()V+15
j  com.mathworks.jmi.AWTUtilities$WatchedRunnable.run()V+1
J  java.awt.event.InvocationEvent.dispatch()V
J  java.awt.EventDispatchThread.pumpOneEventForFilters(I)Z
J  java.awt.EventDispatchThread.pumpEventsForFilter(ILjava/awt/Conditional;Ljava/awt/EventFilter;)V
j  java.awt.EventDispatchThread.pumpEventsForHierarchy(ILjava/awt/Conditional;Ljava/awt/Component;)V+11
j  java.awt.EventDispatchThread.pumpEvents(ILjava/awt/Conditional;)V+4
j  java.awt.EventDispatchThread.pumpEvents(Ljava/awt/Conditional;)V+3
j  java.awt.EventDispatchThread.run()V+9
v  ~StubRoutines::call_stub

---------------  P R O C E S S  ---------------

Java Threads: ( => current thread )
  0x0000000041972000 JavaThread "pool-2-thread-1" [_thread_blocked, id=1576, stack(0x0000000004b10000,0x0000000004b90000)]
  0x000000004196d800 JavaThread "Image Fetcher 0" daemon [_thread_blocked, id=6856, stack(0x00000000049d0000,0x0000000004a50000)]
  0x0000000041973800 JavaThread "Timer-InstrumentReadWritePoll" [_thread_blocked, id=4132, stack(0x0000000008490000,0x0000000008510000)]
  0x0000000041970000 JavaThread "Foxtrot Single Worker Thread #1" daemon [_thread_blocked, id=6600, stack(0x0000000007d70000,0x0000000007df0000)]
  0x0000000041971800 JavaThread "RequestQueue for GenericFileList" [_thread_blocked, id=3700, stack(0x00000000180d0000,0x0000000018150000)]
  0x0000000041969800 JavaThread "Active Reference Queue Daemon" daemon [_thread_blocked, id=1096, stack(0x000000003b960000,0x000000003b9e0000)]
  0x000000004196c000 JavaThread "Timer-6" daemon [_thread_blocked, id=6860, stack(0x0000000013ae0000,0x0000000013b60000)]
  0x000000004196b800 JavaThread "Timer-5" daemon [_thread_blocked, id=3004, stack(0x000000000fec0000,0x000000000ff40000)]
  0x0000000041968800 JavaThread "Prefs Updater" daemon [_thread_blocked, id=4324, stack(0x0000000038bc0000,0x0000000038c40000)]
  0x0000000041965800 JavaThread "Timer-1" [_thread_blocked, id=3204, stack(0x0000000017cd0000,0x0000000017d50000)]
  0x0000000041968000 JavaThread "FelixPackageAdmin" daemon [_thread_blocked, id=6404, stack(0x0000000035ed0000,0x0000000035f50000)]
  0x0000000041967000 JavaThread "FelixStartLevel" daemon [_thread_blocked, id=5160, stack(0x0000000017df0000,0x0000000017e70000)]
  0x0000000041966800 JavaThread "FelixDispatchQueue" daemon [_thread_blocked, id=3920, stack(0x00000000333d0000,0x0000000033450000)]
  0x0000000041826800 JavaThread "SeedGenerator Thread" daemon [_thread_blocked, id=6948, stack(0x0000000030800000,0x0000000030880000)]
  0x0000000041717000 JavaThread "TimerQueue" daemon [_thread_blocked, id=6944, stack(0x0000000017d50000,0x0000000017dd0000)]
=>0x0000000041624800 JavaThread "AWT-EventQueue-0" [_thread_in_Java, id=6936, stack(0x0000000013b90000,0x0000000013c10000)]
  0x0000000041369800 JavaThread "com.google.common.base.internal.Finalizer" daemon [_thread_blocked, id=6932, stack(0x000000000fda0000,0x000000000fe20000)]
  0x0000000041363800 JavaThread "AWT-Windows" daemon [_thread_in_native, id=6920, stack(0x000000000ff60000,0x000000000ffe0000)]
  0x00000000414b0000 JavaThread "AWT-Shutdown" [_thread_blocked, id=7080, stack(0x000000000fe40000,0x000000000fec0000)]
  0x0000000041458800 JavaThread "Java2D Disposer" daemon [_thread_blocked, id=6272, stack(0x0000000004f60000,0x0000000004fe0000)]
  0x000000000fca2000 JavaThread "Timer-0" [_thread_blocked, id=6248, stack(0x000000000c000000,0x000000000c080000)]
  0x000000000fbdf800 JavaThread "JMI Unnamed Thread" [_thread_in_native, id=3924, stack(0x0000000009060000,0x000000000a560000)]
  0x000000000f86d800 JavaThread "Low Memory Detector" daemon [_thread_blocked, id=7068, stack(0x000000000d6b0000,0x000000000d730000)]
  0x000000000f867800 JavaThread "CompilerThread1" daemon [_thread_blocked, id=7064, stack(0x000000003e540000,0x000000003fa40000)]
  0x000000000f860800 JavaThread "CompilerThread0" daemon [_thread_blocked, id=7060, stack(0x000000003d030000,0x000000003e530000)]
  0x000000000f85f800 JavaThread "Attach Listener" daemon [_thread_blocked, id=7056, stack(0x000000000f8f0000,0x000000000f970000)]
  0x000000000f805000 JavaThread "Finalizer" daemon [_thread_blocked, id=7052, stack(0x000000000d760000,0x000000000d7e0000)]
  0x000000000f7fb000 JavaThread "Reference Handler" daemon [_thread_blocked, id=7048, stack(0x000000000bd20000,0x000000000bda0000)]
  0x0000000002113000 JavaThread "main" [_thread_blocked, id=4276, stack(0x00000000001c0000,0x00000000016c0000)]

Other Threads:
  0x000000000f7f5800 VMThread [stack: 0x000000003bab0000,0x000000003cfb0000] [id=7044]
  0x000000000f882000 WatcherThread [stack: 0x000000003faf0000,0x0000000040ff0000] [id=6968]

VM state:not at safepoint (normal execution)

VM Mutex/Monitor currently owned by a thread: None

Heap
 PSYoungGen      total 11904K, used 5574K [0x000000002d6a0000, 0x000000002ee50000, 0x00000000307a0000)
  eden space 9920K, 36% used [0x000000002d6a0000,0x000000002da25480,0x000000002e050000)
  from space 1984K, 99% used [0x000000002e070000,0x000000002e25c4b0,0x000000002e260000)
  to   space 7168K, 0% used [0x000000002e750000,0x000000002e750000,0x000000002ee50000)
 PSOldGen        total 72256K, used 46719K [0x00000000243a0000, 0x0000000028a30000, 0x000000002d6a0000)
  object space 72256K, 64% used [0x00000000243a0000,0x000000002713fee0,0x0000000028a30000)
 PSPermGen       total 116032K, used 60730K [0x000000001c3a0000, 0x00000000234f0000, 0x00000000243a0000)
  object space 116032K, 52% used [0x000000001c3a0000,0x000000001feeea28,0x00000000234f0000)

Dynamic libraries:
0x000000013f1d0000 - 0x000000013f1f9000 	C:\Program Files\MATLAB\R2011a\bin\win64\MATLAB.exe
0x0000000077760000 - 0x0000000077909000 	C:\Windows\SYSTEM32\ntdll.dll
0x0000000077540000 - 0x000000007765f000 	C:\Windows\system32\kernel32.dll
0x000007fefd7c0000 - 0x000007fefd82c000 	C:\Windows\system32\KERNELBASE.dll
0x0000000074460000 - 0x0000000074569000 	C:\Program Files\MATLAB\R2011a\bin\win64\libut.dll
0x00000000758a0000 - 0x0000000075920000 	C:\Program Files\MATLAB\R2011a\bin\win64\libmwi18n.dll
0x0000000180000000 - 0x000000018000b000 	C:\Program Files\MATLAB\R2011a\bin\win64\libmwresource_core.dll
0x00000000728e0000 - 0x00000000729b3000 	C:\Windows\WinSxS\amd64_microsoft.vc90.crt_1fc8b3b9a1e18e3b_9.0.30729.6161_none_08e61857a83bc251\MSVCP90.dll
0x0000000072830000 - 0x00000000728d3000 	C:\Windows\WinSxS\amd64_microsoft.vc90.crt_1fc8b3b9a1e18e3b_9.0.30729.6161_none_08e61857a83bc251\MSVCR90.dll
0x000000007a3b0000 - 0x000000007a3c0000 	C:\Program Files\MATLAB\R2011a\bin\win64\boost_date_time-vc90-mt-1_40.dll
0x000000007a170000 - 0x000000007a189000 	C:\Program Files\MATLAB\R2011a\bin\win64\boost_filesystem-vc90-mt-1_40.dll
0x000000007a560000 - 0x000000007a569000 	C:\Program Files\MATLAB\R2011a\bin\win64\boost_system-vc90-mt-1_40.dll
0x000000007a2d0000 - 0x000000007a2e2000 	C:\Program Files\MATLAB\R2011a\bin\win64\boost_thread-vc90-mt-1_40.dll
0x000000007a010000 - 0x000000007a035000 	C:\Program Files\MATLAB\R2011a\bin\win64\LIBEXPAT.dll
0x00000000739d0000 - 0x0000000073b8c000 	C:\Program Files\MATLAB\R2011a\bin\win64\icuin42.dll
0x00000000740b0000 - 0x0000000074223000 	C:\Program Files\MATLAB\R2011a\bin\win64\icuuc42.dll
0x000007fefe750000 - 0x000007fefe82b000 	C:\Windows\system32\ADVAPI32.dll
0x000007feff720000 - 0x000007feff7bf000 	C:\Windows\system32\msvcrt.dll
0x000007fefdab0000 - 0x000007fefdacf000 	C:\Windows\SYSTEM32\sechost.dll
0x000007fefdbb0000 - 0x000007fefdcdd000 	C:\Windows\system32\RPCRT4.dll
0x0000000010000000 - 0x0000000010f47000 	C:\Program Files\MATLAB\R2011a\bin\win64\icudt42.dll
0x0000000073f70000 - 0x000000007407d000 	C:\Program Files\MATLAB\R2011a\bin\win64\libmwfl.dll
0x0000000001780000 - 0x0000000001813000 	C:\Program Files\MATLAB\R2011a\bin\win64\libmwMATLAB_res.dll
0x000000007a250000 - 0x000000007a263000 	C:\Program Files\MATLAB\R2011a\bin\win64\boost_signals-vc90-mt-1_40.dll
0x0000000001840000 - 0x0000000001886000 	C:\Program Files\MATLAB\R2011a\bin\win64\tbb.dll
0x000007fefe860000 - 0x000007fefe879000 	C:\Windows\system32\imagehlp.dll
0x0000000077930000 - 0x0000000077937000 	C:\Windows\system32\PSAPI.DLL
0x000000007a3d0000 - 0x000000007a3e3000 	C:\Program Files\MATLAB\R2011a\bin\win64\icuio42.dll
0x000007fef4b10000 - 0x000007fef4c35000 	C:\Windows\system32\dbghelp.dll
0x0000000077660000 - 0x000000007775a000 	C:\Windows\system32\USER32.dll
0x000007fefe430000 - 0x000007fefe497000 	C:\Windows\system32\GDI32.dll
0x000007feff7c0000 - 0x000007feff7ce000 	C:\Windows\system32\LPK.dll
0x000007fefe300000 - 0x000007fefe3c9000 	C:\Windows\system32\USP10.dll
0x000000007bed0000 - 0x000000007c0f5000 	C:\Program Files\MATLAB\R2011a\bin\win64\libmwservices.dll
0x0000000075a20000 - 0x0000000075ab2000 	C:\Program Files\MATLAB\R2011a\bin\win64\libmx.dll
0x000000007a210000 - 0x000000007a226000 	C:\Program Files\MATLAB\R2011a\bin\win64\zlib1.dll
0x0000000074330000 - 0x000000007444b000 	C:\Program Files\MATLAB\R2011a\bin\win64\libmwmathutil.dll
0x000000006abb0000 - 0x000000006ac04000 	C:\Program Files\MATLAB\R2011a\bin\win64\mpath.dll
0x000000007b680000 - 0x000000007b982000 	C:\Program Files\MATLAB\R2011a\bin\win64\mlutil.dll
0x000000006a560000 - 0x000000006a5e2000 	C:\Program Files\MATLAB\R2011a\bin\win64\xmlcore.dll
0x000000007bc30000 - 0x000000007be83000 	C:\Program Files\MATLAB\R2011a\bin\win64\xerces-c_2_7.dll
0x000007fefdce0000 - 0x000007fefdd2d000 	C:\Windows\system32\WS2_32.dll
0x000007feff9e0000 - 0x000007feff9e8000 	C:\Windows\system32\NSI.dll
0x000007fefe880000 - 0x000007feff608000 	C:\Windows\system32\SHELL32.dll
0x000007fefe6d0000 - 0x000007fefe741000 	C:\Windows\system32\SHLWAPI.dll
0x000007fef72b0000 - 0x000007fef7350000 	C:\Windows\WinSxS\amd64_microsoft.windows.common-controls_6595b64144ccf1df_5.82.7601.18201_none_a4d3b9377117c3df\COMCTL32.dll
0x000007fefdfb0000 - 0x000007fefe047000 	C:\Windows\system32\COMDLG32.dll
0x000007fefa490000 - 0x000007fefa4a6000 	C:\Windows\system32\NETAPI32.dll
0x000007fefa480000 - 0x000007fefa48c000 	C:\Windows\system32\netutils.dll
0x000007fefcfa0000 - 0x000007fefcfc3000 	C:\Windows\system32\srvcli.dll
0x000007fefa460000 - 0x000007fefa475000 	C:\Windows\system32\wkscli.dll
0x000007feff7d0000 - 0x000007feff9d3000 	C:\Windows\system32\ole32.dll
0x000007fefdad0000 - 0x000007fefdba7000 	C:\Windows\system32\OLEAUT32.dll
0x0000000074970000 - 0x0000000074a34000 	C:\Program Files\MATLAB\R2011a\bin\win64\mcr.dll
0x0000000075000000 - 0x00000000750e4000 	C:\Program Files\MATLAB\R2011a\bin\win64\iqm.dll
0x0000000069dc0000 - 0x000000006a55c000 	C:\Program Files\MATLAB\R2011a\bin\win64\m_interpreter.dll
0x0000000074300000 - 0x000000007430f000 	C:\Program Files\MATLAB\R2011a\bin\win64\libmex.dll
0x0000000069d10000 - 0x0000000069db4000 	C:\Program Files\MATLAB\R2011a\bin\win64\m_dispatcher.dll
0x0000000074880000 - 0x0000000074945000 	C:\Program Files\MATLAB\R2011a\bin\win64\boost_regex-vc90-mt-1_40.dll
0x0000000069c90000 - 0x0000000069d0f000 	C:\Program Files\MATLAB\R2011a\bin\win64\profiler.dll
0x0000000079f40000 - 0x0000000079f6c000 	C:\Program Files\MATLAB\R2011a\bin\win64\libmwmathrng.dll
0x000000006e8c0000 - 0x000000006e8e0000 	C:\Program Files\MATLAB\R2011a\bin\win64\m_pcodeio.dll
0x0000000079b10000 - 0x0000000079b71000 	C:\Program Files\MATLAB\R2011a\bin\win64\m_ir.dll
0x0000000069650000 - 0x0000000069c8b000 	C:\Program Files\MATLAB\R2011a\bin\win64\m_parser.dll
0x000000006c4a0000 - 0x000000006c4b9000 	C:\Program Files\MATLAB\R2011a\bin\win64\ir_xfmr.dll
0x0000000069400000 - 0x000000006964b000 	C:\Program Files\MATLAB\R2011a\bin\win64\mcos.dll
0x0000000073e90000 - 0x0000000073e9c000 	C:\Program Files\MATLAB\R2011a\bin\win64\mtok.dll
0x000000006ac20000 - 0x000000006ac4b000 	C:\Program Files\MATLAB\R2011a\bin\win64\m_pcodegen.dll
0x0000000076160000 - 0x00000000761c2000 	C:\Program Files\MATLAB\R2011a\bin\win64\libmwspmatrix.dll
0x0000000079fb0000 - 0x0000000079fde000 	C:\Program Files\MATLAB\R2011a\bin\win64\libmwbridge.dll
0x0000000069340000 - 0x00000000693f9000 	C:\Program Files\MATLAB\R2011a\bin\win64\udd.dll
0x00000000691f0000 - 0x0000000069331000 	C:\Program Files\MATLAB\R2011a\bin\win64\libmwgui.dll
0x000000006c480000 - 0x000000006c497000 	C:\Program Files\MATLAB\R2011a\bin\win64\graphics_util.dll
0x0000000068970000 - 0x00000000691f0000 	C:\Program Files\MATLAB\R2011a\bin\win64\hg.dll
0x0000000076100000 - 0x000000007614f000 	C:\Program Files\MATLAB\R2011a\bin\win64\libmat.dll
0x0000000072d30000 - 0x0000000072f33000 	C:\Program Files\MATLAB\R2011a\bin\win64\libhdf5.dll
0x00000000688f0000 - 0x000000006896b000 	C:\Program Files\MATLAB\R2011a\bin\win64\jmi.dll
0x0000000001aa0000 - 0x0000000001aae000 	C:\Program Files\MATLAB\R2011a\bin\win64\nativejava_services.dll
0x00000000688b0000 - 0x00000000688ec000 	C:\Program Files\MATLAB\R2011a\bin\win64\libmwhardcopy.dll
0x0000000068850000 - 0x00000000688a8000 	C:\Program Files\MATLAB\R2011a\bin\win64\libuij.dll
0x0000000068660000 - 0x0000000068843000 	C:\Program Files\MATLAB\R2011a\bin\win64\hgdatatypes.dll
0x00000000685a0000 - 0x000000006865c000 	C:\Program Files\MATLAB\R2011a\bin\win64\hgutils.dll
0x0000000068520000 - 0x000000006859c000 	C:\Program Files\MATLAB\R2011a\bin\win64\libmwlapack.dll
0x0000000068500000 - 0x0000000068512000 	C:\Program Files\MATLAB\R2011a\bin\win64\libmwbinder.dll
0x000000006dc70000 - 0x000000006dc7b000 	C:\Program Files\MATLAB\R2011a\bin\win64\libmwompwrapper.dll
0x0000000001b30000 - 0x0000000001df4000 	C:\Program Files\MATLAB\R2011a\bin\win64\uiw.dll
0x000000006b860000 - 0x000000006b86a000 	C:\Program Files\MATLAB\R2011a\bin\win64\uinone.dll
0x0000000068010000 - 0x00000000684f4000 	C:\Windows\WinSxS\amd64_microsoft.vc90.mfc_1fc8b3b9a1e18e3b_9.0.30729.6161_none_044aad0bab1eb146\mfc90.dll
0x000007fef49b0000 - 0x000007fef49b7000 	C:\Windows\system32\MSIMG32.dll
0x000007fef5570000 - 0x000007fef55e1000 	C:\Windows\system32\WINSPOOL.DRV
0x0000000067f60000 - 0x0000000068009000 	C:\Program Files\MATLAB\R2011a\bin\win64\udd_mi.dll
0x0000000067f40000 - 0x0000000067f5b000 	C:\Program Files\MATLAB\R2011a\bin\win64\mwoles05.DLL
0x0000000067ed0000 - 0x0000000067f3e000 	C:\Program Files\MATLAB\R2011a\bin\win64\comcli.dll
0x000000006f6b0000 - 0x000000006f6df000 	C:\Windows\WinSxS\amd64_microsoft.vc90.atl_1fc8b3b9a1e18e3b_9.0.30729.6161_none_0a1fd3a3a768b895\ATL90.DLL
0x0000000067ec0000 - 0x0000000067ecc000 	C:\Program Files\MATLAB\R2011a\bin\win64\mlautoregister.dll
0x0000000001e60000 - 0x0000000001e6d000 	C:\Program Files\MATLAB\R2011a\bin\win64\boost_iostreams-vc90-mt-1_40.dll
0x000007fefd3d0000 - 0x000007fefd427000 	C:\Windows\system32\apphelp.dll
0x000007fee6870000 - 0x000007fee6cd7000 	C:\Windows\AppPatch\AppPatch64\AcXtrnal.DLL
0x000007fefe830000 - 0x000007fefe85e000 	C:\Windows\system32\IMM32.DLL
0x000007feff610000 - 0x000007feff719000 	C:\Windows\system32\MSCTF.dll
0x000007fefb730000 - 0x000007fefb786000 	C:\Windows\system32\UxTheme.dll
0x000007fefa740000 - 0x000007fefa758000 	C:\Windows\system32\dwmapi.dll
0x0000000067eb0000 - 0x0000000067ebd000 	C:\Windows\WinSxS\amd64_microsoft.vc90.mfcloc_1fc8b3b9a1e18e3b_9.0.30729.6161_none_01c9581e60cbee58\MFC90ENU.DLL
0x000007fefd5a0000 - 0x000007fefd5af000 	C:\Windows\system32\profapi.dll
0x000007fefd430000 - 0x000007fefd43f000 	C:\Windows\system32\CRYPTBASE.dll
0x000007fefbea0000 - 0x000007fefc094000 	C:\Windows\WinSxS\amd64_microsoft.windows.common-controls_6595b64144ccf1df_6.0.7601.17514_none_fa396087175ac9ac\comctl32.dll
0x000007fefddd0000 - 0x000007fefdfa7000 	C:\Windows\system32\SETUPAPI.dll
0x000007fefd910000 - 0x000007fefd946000 	C:\Windows\system32\CFGMGR32.dll
0x000007fefd8f0000 - 0x000007fefd90a000 	C:\Windows\system32\DEVOBJ.dll
0x000007fefdd30000 - 0x000007fefddc9000 	C:\Windows\system32\CLBCatQ.DLL
0x000007fefb9f0000 - 0x000007fefbb1c000 	C:\Windows\system32\propsys.dll
0x000007fefc3c0000 - 0x000007fefc3ed000 	C:\Windows\system32\ntmarta.dll
0x000007fefe3d0000 - 0x000007fefe422000 	C:\Windows\system32\WLDAP32.dll
0x0000000004440000 - 0x0000000004469000 	C:\Program Files\MATLAB\R2011a\bin\win64\tbbmalloc.dll
0x0000000067ea0000 - 0x0000000067ea3000 	C:\Windows\system32\icmp.Dll
0x000007fef9b60000 - 0x000007fef9b87000 	C:\Windows\system32\iphlpapi.DLL
0x000007fef9b50000 - 0x000007fef9b5b000 	C:\Windows\system32\WINNSI.DLL
0x000007fefd3a0000 - 0x000007fefd3c5000 	C:\Windows\system32\SspiCli.dll
0x000007fefa150000 - 0x000007fefa165000 	C:\Windows\system32\NLAapi.dll
0x000007fef5660000 - 0x000007fef5675000 	C:\Windows\system32\napinsp.dll
0x000007fef5640000 - 0x000007fef5659000 	C:\Windows\system32\pnrpnsp.dll
0x000007fefcd30000 - 0x000007fefcd85000 	C:\Windows\System32\mswsock.dll
0x000007fefcbb0000 - 0x000007fefcc0b000 	C:\Windows\system32\DNSAPI.dll
0x000007fef5630000 - 0x000007fef563b000 	C:\Windows\System32\winrnr.dll
0x0000000063560000 - 0x0000000063569000 	C:\Program Files\National Instruments\Shared\mDNS Responder\nimdnsNSP.dll
0x0000000063550000 - 0x000000006355e000 	C:\Windows\system32\nimdnsResponder.dll
0x000007fef9a10000 - 0x000007fef9a63000 	C:\Windows\System32\fwpuclnt.dll
0x000007fef5c20000 - 0x000007fef5c28000 	C:\Windows\system32\rasadhlp.dll

VM Arguments:
jvm_args: -Xss512k -XX:PermSize=32m -Xms64m -XX:NewRatio=3 -XX:MaxPermSize=128m -Xmx196m -XX:MaxDirectMemorySize=2147400000 -Dsun.java2d.noddraw=true -Dsun.awt.nopixfmt=true -Xshare:off -Xrs -Dsun.awt.disableMixing=true -Djava.library.path=C:\Program Files\MATLAB\R2011a\bin\win64 vfprintf abort 
java_command: <unknown>
Launcher Type: generic

Environment Variables:
PATH=C:\Program Files (x86)\National Instruments\Shared\ULx\;C:\Program Files (x86)\Measurement Computing\DAQ\;C:\Program Files (x86)\AMD APP\bin\x86_64;C:\Program Files (x86)\AMD APP\bin\x86;C:\Program Files\MiKTeX 2.9\miktex\bin\x64;C:\Windows\system32;C:\Windows;C:\Windows\System32\Wbem;C:\Windows\System32\WindowsPowerShell\v1.0\;C:\Program Files\MATLAB\R2011a\runtime\win64;C:\Program Files\MATLAB\R2011a\bin;C:\Program Files (x86)\ATI Technologies\ATI.ACE\Core-Static;C:\Program Files (x86)\Microsoft SQL Server\90\Tools\binn\;C:\Program Files (x86)\IVI Foundation\VISA\WinNT\Bin\;C:\Program Files\IVI Foundation\VISA\Win64\Bin\;C:\Program Files (x86)\IVI Foundation\VISA\WinNT\Bin;C:\Program Files (x86)\IVI Foundation\IVI\bin;C:\Program Files\IVI Foundation\IVI\bin;C:\Program Files (x86)\National Instruments\Shared\System\;C:\Program Files (x86)\National Instruments\Motion Assistant\bin\mxwplugins;C:\Program Files\Microsoft Windows Performance Toolkit\;C:\Program Files\SiliconSoftware\Runtime5.2.2\BIN
USERNAME=user
OS=Windows_NT
PROCESSOR_IDENTIFIER=Intel64 Family 6 Model 26 Stepping 5, GenuineIntel



---------------  S Y S T E M  ---------------

OS: Windows 7 Build 7601 Service Pack 1

CPU:total 8 (8 cores per cpu, 2 threads per core) family 6 model 26 stepping 5, cmov, cx8, fxsr, mmx, sse, sse2, sse3, ssse3, sse4.1, sse4.2, ht

Memory: 4k page, physical 25155672k(21627276k free), swap 50309480k(46502052k free)

vm_info: Java HotSpot(TM) 64-Bit Server VM (14.3-b01) for windows-amd64 JRE (1.6.0_17-b04), built on Oct 11 2009 00:46:08 by "java_re" with MS VC++ 8.0

time: Tue Jun 09 19:08:01 2015
elapsed time: 4092 seconds

